<?xml version="1.0" encoding="UTF-8"?>
<!-- Generated by org.testng.reporters.JUnitReportReporter -->
<testsuite skipped="0" hostname="DESKTOP-H5EGRJF" name="MyRunner.TestRunner" tests="1" failures="0" timestamp="03 Apr 2020 02:49:38 GMT" time="0.064" errors="0">
  <testcase name="feature" time="0.064" classname="MyRunner.TestRunner"/>
</testsuite> <!-- MyRunner.TestRunner -->
