<?xml version="1.0" encoding="UTF-8"?>
<!-- Generated by org.testng.reporters.JUnitReportReporter -->
<testsuite skipped="0" hostname="Sudheer" name="MyRunner.TestRunner" tests="1" failures="0" timestamp="01 Sep 2020 21:05:14 GMT" time="0.044" errors="0">
  <testcase name="feature" time="0.044" classname="MyRunner.TestRunner"/>
</testsuite> <!-- MyRunner.TestRunner -->
